<?xml version="1.0" encoding="UTF-8" ?>
<testsuites>
  <testsuite errors="0" failures="2" hostname="Mac.lan" id="0" name="CorpusLoaderTest" package="matchle" skipped="0" tests="4" time="0.505" timestamp="2025-04-11T11:50:43">
      <properties>
[...]
</properties>

      <testcase classname="matchle.CorpusLoaderTest" name="testLoadEnglishWords" time="0.284" />

      <testcase classname="matchle.CorpusLoaderTest" name="testHardCaseExecution" time="0.002">
          <failure message="testHardCase method execution failed: matchle.CorpusLoader.testHardCase()" type="junit.framework.AssertionFailedError">junit.framework.AssertionFailedError: testHardCase method execution failed: matchle.CorpusLoader.testHardCase()
	at org.junit.Assert.fail(Assert.java:89)
	at matchle.CorpusLoaderTest.testHardCaseExecution(CorpusLoaderTest.java:63)
	at java.base/jdk.internal.reflect.NativeMethodAccessorImpl.invoke0(Native Method)
	at java.base/jdk.internal.reflect.NativeMethodAccessorImpl.invoke(NativeMethodAccessorImpl.java:77)
	at java.base/jdk.internal.reflect.DelegatingMethodAccessorImpl.invoke(DelegatingMethodAccessorImpl.java:43)
	at java.base/java.lang.reflect.Method.invoke(Method.java:569)
	at org.junit.runners.model.FrameworkMethod$1.runReflectiveCall(FrameworkMethod.java:59)
	at org.junit.internal.runners.model.ReflectiveCallable.run(ReflectiveCallable.java:12)
	at org.junit.runners.model.FrameworkMethod.invokeExplosively(FrameworkMethod.java:56)
	at org.junit.internal.runners.statements.InvokeMethod.evaluate(InvokeMethod.java:17)
	at org.junit.runners.ParentRunner$3.evaluate(ParentRunner.java:306)
	at org.junit.runners.BlockJUnit4ClassRunner$1.evaluate(BlockJUnit4ClassRunner.java:100)
	at org.junit.runners.ParentRunner.runLeaf(ParentRunner.java:366)
	at org.junit.runners.BlockJUnit4ClassRunner.runChild(BlockJUnit4ClassRunner.java:103)
	at org.junit.runners.BlockJUnit4ClassRunner.runChild(BlockJUnit4ClassRunner.java:63)
	at org.junit.runners.ParentRunner$4.run(ParentRunner.java:331)
	at org.junit.runners.ParentRunner$1.schedule(ParentRunner.java:79)
	at org.junit.runners.ParentRunner.runChildren(ParentRunner.java:329)
	at org.junit.runners.ParentRunner.access$100(ParentRunner.java:66)
	at org.junit.runners.ParentRunner$2.evaluate(ParentRunner.java:293)
	at org.junit.runners.ParentRunner$3.evaluate(ParentRunner.java:306)
	at org.junit.runners.ParentRunner.run(ParentRunner.java:413)
	at junit.framework.JUnit4TestAdapter.run(JUnit4TestAdapter.java:50)
	at org.apache.tools.ant.taskdefs.optional.junit.JUnitTestRunner.run(JUnitTestRunner.java:535)
	at org.apache.tools.ant.taskdefs.optional.junit.JUnitTestRunner.launch(JUnitTestRunner.java:1197)
	at org.apache.tools.ant.taskdefs.optional.junit.JUnitTestRunner.main(JUnitTestRunner.java:1042)
</failure>

      </testcase>

      <testcase classname="matchle.CorpusLoaderTest" name="testMainMethodExecution" time="0.0">
          <failure message="Main method execution failed: matchle.CorpusLoader.main([Ljava.lang.String;)" type="junit.framework.AssertionFailedError">junit.framework.AssertionFailedError: Main method execution failed: matchle.CorpusLoader.main([Ljava.lang.String;)
	at org.junit.Assert.fail(Assert.java:89)
	at matchle.CorpusLoaderTest.testMainMethodExecution(CorpusLoaderTest.java:50)
	at java.base/jdk.internal.reflect.NativeMethodAccessorImpl.invoke0(Native Method)
	at java.base/jdk.internal.reflect.NativeMethodAccessorImpl.invoke(NativeMethodAccessorImpl.java:77)
	at java.base/jdk.internal.reflect.DelegatingMethodAccessorImpl.invoke(DelegatingMethodAccessorImpl.java:43)
	at java.base/java.lang.reflect.Method.invoke(Method.java:569)
	at org.junit.runners.model.FrameworkMethod$1.runReflectiveCall(FrameworkMethod.java:59)
	at org.junit.internal.runners.model.ReflectiveCallable.run(ReflectiveCallable.java:12)
	at org.junit.runners.model.FrameworkMethod.invokeExplosively(FrameworkMethod.java:56)
	at org.junit.internal.runners.statements.InvokeMethod.evaluate(InvokeMethod.java:17)
	at org.junit.runners.ParentRunner$3.evaluate(ParentRunner.java:306)
	at org.junit.runners.BlockJUnit4ClassRunner$1.evaluate(BlockJUnit4ClassRunner.java:100)
	at org.junit.runners.ParentRunner.runLeaf(ParentRunner.java:366)
	at org.junit.runners.BlockJUnit4ClassRunner.runChild(BlockJUnit4ClassRunner.java:103)
	at org.junit.runners.BlockJUnit4ClassRunner.runChild(BlockJUnit4ClassRunner.java:63)
	at org.junit.runners.ParentRunner$4.run(ParentRunner.java:331)
	at org.junit.runners.ParentRunner$1.schedule(ParentRunner.java:79)
	at org.junit.runners.ParentRunner.runChildren(ParentRunner.java:329)
	at org.junit.runners.ParentRunner.access$100(ParentRunner.java:66)
	at org.junit.runners.ParentRunner$2.evaluate(ParentRunner.java:293)
	at org.junit.runners.ParentRunner$3.evaluate(ParentRunner.java:306)
	at org.junit.runners.ParentRunner.run(ParentRunner.java:413)
	at junit.framework.JUnit4TestAdapter.run(JUnit4TestAdapter.java:50)
	at org.apache.tools.ant.taskdefs.optional.junit.JUnitTestRunner.run(JUnitTestRunner.java:535)
	at org.apache.tools.ant.taskdefs.optional.junit.JUnitTestRunner.launch(JUnitTestRunner.java:1197)
	at org.apache.tools.ant.taskdefs.optional.junit.JUnitTestRunner.main(JUnitTestRunner.java:1042)
</failure>

      </testcase>

      <testcase classname="matchle.CorpusLoaderTest" name="testLoadEnglishWordsWithDifferentLength" time="0.187" />

      <system-out><![CDATA[]]></system-out>

      <system-err><![CDATA[]]></system-err>

  </testsuite>
  <testsuite errors="0" failures="0" hostname="Mac.lan" id="1" name="CorpusPerformanceTest" package="matchle" skipped="0" tests="2" time="14.442" timestamp="2025-04-11T11:50:43">
      <properties>
[...]
</properties>

      <testcase classname="matchle.CorpusPerformanceTest" name="testBestWorstCaseGuessPerformance" time="14.372" />

      <testcase classname="matchle.CorpusPerformanceTest" name="testMemoryUsage" time="0.041" />

      <system-out><![CDATA[bestWorstCaseGuess took 14363 ms for corpus size 500
Memory growth after 100 scoreWorstCase calls: 114480 bytes
]]></system-out>

      <system-err><![CDATA[]]></system-err>

  </testsuite>
  <testsuite errors="0" failures="0" hostname="Mac.lan" id="2" name="CorpusScoreDebugTest" package="matchle" skipped="0" tests="1" time="0.054" timestamp="2025-04-11T11:50:58">
      <properties>
[...]
</properties>

      <testcase classname="matchle.CorpusScoreDebugTest" name="debugScoreBreakdown" time="0.019" />

      <system-out><![CDATA[Debugging score breakdown for guess: route
-----
Key: hello
Score: 1
Key: hello
Guess: route
Correct Matches: {}
Misplaced Matches: [IndexedCharacter[index=4, character=e], IndexedCharacter[index=1, character=o]]
Absent Letters: [r, t, u]

-----
Key: route
Score: 1
Key: route
Guess: route
Correct Matches: {0=r, 1=o, 2=u, 3=t, 4=e}
Misplaced Matches: []
Absent Letters: []

-----
Key: rebus
Score: 2
Key: rebus
Guess: route
Correct Matches: {0=r}
Misplaced Matches: [IndexedCharacter[index=4, character=e], IndexedCharacter[index=2, character=u]]
Absent Letters: [t, o]

-----
Key: redux
Score: 2
Key: redux
Guess: route
Correct Matches: {0=r}
Misplaced Matches: [IndexedCharacter[index=4, character=e], IndexedCharacter[index=2, character=u]]
Absent Letters: [t, o]

Total score = 6 over 4 keys, average = 1.5
]]></system-out>

      <system-err><![CDATA[]]></system-err>

  </testsuite>
  <testsuite errors="0" failures="0" hostname="Mac.lan" id="3" name="CorpusScoringTest" package="matchle" skipped="0" tests="7" time="0.051" timestamp="2025-04-11T11:50:58">
      <properties>
[...]
</properties>

      <testcase classname="matchle.CorpusScoringTest" name="testBestWorstCaseGuess" time="0.015" />

      <testcase classname="matchle.CorpusScoringTest" name="testScore" time="0.0" />

      <testcase classname="matchle.CorpusScoringTest" name="testScoreAverageCase" time="0.001" />

      <testcase classname="matchle.CorpusScoringTest" name="testEmptyCorpus" time="0.0" />

      <testcase classname="matchle.CorpusScoringTest" name="testBestAverageCaseGuess" time="0.001" />

      <testcase classname="matchle.CorpusScoringTest" name="testScoreWorstCase" time="0.0" />

      <testcase classname="matchle.CorpusScoringTest" name="testBestGuessWithCustomCriterion" time="0.001" />

      <system-out><![CDATA[]]></system-out>

      <system-err><![CDATA[]]></system-err>

  </testsuite>
  <testsuite errors="0" failures="0" hostname="Mac.lan" id="4" name="CorpusTest" package="matchle" skipped="0" tests="8" time="0.045" timestamp="2025-04-11T11:50:59">
      <properties>
[...]
</properties>

      <testcase classname="matchle.CorpusTest" name="testNotContains" time="0.004" />

      <testcase classname="matchle.CorpusTest" name="testEmptyCorpus" time="0.001" />

      <testcase classname="matchle.CorpusTest" name="testContains" time="0.0" />

      <testcase classname="matchle.CorpusTest" name="testWordSize" time="0.0" />

      <testcase classname="matchle.CorpusTest" name="testCorpusContents" time="0.0" />

      <testcase classname="matchle.CorpusTest" name="testAddNullWord" time="0.001" />

      <testcase classname="matchle.CorpusTest" name="testIterator" time="0.0" />

      <testcase classname="matchle.CorpusTest" name="testInconsistentWordSize" time="0.0" />

      <system-out><![CDATA[]]></system-out>

      <system-err><![CDATA[]]></system-err>

  </testsuite>
  <testsuite errors="0" failures="0" hostname="Mac.lan" id="5" name="FilterTest" package="matchle" skipped="0" tests="11" time="0.058" timestamp="2025-04-11T11:50:59">
      <properties>
[...]
</properties>

      <testcase classname="matchle.FilterTest" name="testAndMethodWithEmptyOptional" time="0.012" />

      <testcase classname="matchle.FilterTest" name="testAnd" time="0.002" />

      <testcase classname="matchle.FilterTest" name="testBasicPredicate" time="0.001" />

      <testcase classname="matchle.FilterTest" name="testWithPattern" time="0.001" />

      <testcase classname="matchle.FilterTest" name="testAndMethod" time="0.001" />

      <testcase classname="matchle.FilterTest" name="testToStringDefault" time="0.0" />

      <testcase classname="matchle.FilterTest" name="testAndWithEmpty" time="0.0" />

      <testcase classname="matchle.FilterTest" name="testFilterWithPattern" time="0.0" />

      <testcase classname="matchle.FilterTest" name="testFilterWithoutPattern" time="0.0" />

      <testcase classname="matchle.FilterTest" name="testFalseFilter" time="0.0" />

      <testcase classname="matchle.FilterTest" name="testFilterFrom" time="0.0" />

      <system-out><![CDATA[]]></system-out>

      <system-err><![CDATA[]]></system-err>

  </testsuite>
  <testsuite errors="0" failures="0" hostname="Mac.lan" id="6" name="GameStateManagerTest" package="matchle" skipped="0" tests="4" time="0.06" timestamp="2025-04-11T11:51:00">
      <properties>
[...]
</properties>

      <testcase classname="matchle.GameStateManagerTest" name="testSaveAndLoadGame" time="0.027" />

      <testcase classname="matchle.GameStateManagerTest" name="testGameStateSerializability" time="0.001" />

      <testcase classname="matchle.GameStateManagerTest" name="testFilterSerializability" time="0.0" />

      <testcase classname="matchle.GameStateManagerTest" name="testLoadNonExistentFile" time="0.0" />

      <system-out><![CDATA[]]></system-out>

      <system-err><![CDATA[]]></system-err>

  </testsuite>
  <testsuite errors="0" failures="0" hostname="Mac.lan" id="7" name="GameStateTest" package="matchle" skipped="0" tests="4" time="0.05" timestamp="2025-04-11T11:51:00">
      <properties>
[...]
</properties>

      <testcase classname="matchle.GameStateTest" name="testGetAccumulatedFilter" time="0.013" />

      <testcase classname="matchle.GameStateTest" name="testGetSecretKey" time="0.001" />

      <testcase classname="matchle.GameStateTest" name="testGetCandidateCorpus" time="0.0" />

      <testcase classname="matchle.GameStateTest" name="testSerializable" time="0.0" />

      <system-out><![CDATA[]]></system-out>

      <system-err><![CDATA[]]></system-err>

  </testsuite>
  <testsuite errors="2" failures="0" hostname="Mac.lan" id="8" name="MatchleGameTest" package="matchle" skipped="0" tests="5" time="4.061" timestamp="2025-04-11T11:51:00">
      <properties>
[...]
</properties>

      <testcase classname="matchle.MatchleGameTest" name="testSingleCandidateRemaining" time="0.014" />

      <testcase classname="matchle.MatchleGameTest" name="testCorrectGuess" time="0.003">
          <error message="key" type="java.lang.NoSuchFieldException">java.lang.NoSuchFieldException: key
	at java.base/java.lang.Class.getDeclaredField(Class.java:2610)
	at matchle.MatchleGameTest.testCorrectGuess(MatchleGameTest.java:113)
	at java.base/jdk.internal.reflect.NativeMethodAccessorImpl.invoke0(Native Method)
	at java.base/jdk.internal.reflect.NativeMethodAccessorImpl.invoke(NativeMethodAccessorImpl.java:77)
	at java.base/jdk.internal.reflect.DelegatingMethodAccessorImpl.invoke(DelegatingMethodAccessorImpl.java:43)
	at java.base/java.lang.reflect.Method.invoke(Method.java:569)
	at org.junit.runners.model.FrameworkMethod$1.runReflectiveCall(FrameworkMethod.java:59)
	at org.junit.internal.runners.model.ReflectiveCallable.run(ReflectiveCallable.java:12)
	at org.junit.runners.model.FrameworkMethod.invokeExplosively(FrameworkMethod.java:56)
	at org.junit.internal.runners.statements.InvokeMethod.evaluate(InvokeMethod.java:17)
	at org.junit.internal.runners.statements.RunBefores.evaluate(RunBefores.java:26)
	at org.junit.internal.runners.statements.RunAfters.evaluate(RunAfters.java:27)
	at org.junit.runners.ParentRunner$3.evaluate(ParentRunner.java:306)
	at org.junit.runners.BlockJUnit4ClassRunner$1.evaluate(BlockJUnit4ClassRunner.java:100)
	at org.junit.runners.ParentRunner.runLeaf(ParentRunner.java:366)
	at org.junit.runners.BlockJUnit4ClassRunner.runChild(BlockJUnit4ClassRunner.java:103)
	at org.junit.runners.BlockJUnit4ClassRunner.runChild(BlockJUnit4ClassRunner.java:63)
	at org.junit.runners.ParentRunner$4.run(ParentRunner.java:331)
	at org.junit.runners.ParentRunner$1.schedule(ParentRunner.java:79)
	at org.junit.runners.ParentRunner.runChildren(ParentRunner.java:329)
	at org.junit.runners.ParentRunner.access$100(ParentRunner.java:66)
	at org.junit.runners.ParentRunner$2.evaluate(ParentRunner.java:293)
	at org.junit.runners.ParentRunner$3.evaluate(ParentRunner.java:306)
	at org.junit.runners.ParentRunner.run(ParentRunner.java:413)
	at junit.framework.JUnit4TestAdapter.run(JUnit4TestAdapter.java:50)
	at org.apache.tools.ant.taskdefs.optional.junit.JUnitTestRunner.run(JUnitTestRunner.java:535)
	at org.apache.tools.ant.taskdefs.optional.junit.JUnitTestRunner.launch(JUnitTestRunner.java:1197)
	at org.apache.tools.ant.taskdefs.optional.junit.JUnitTestRunner.main(JUnitTestRunner.java:1042)
</error>

      </testcase>

      <testcase classname="matchle.MatchleGameTest" name="testMainMethodWithEmptyCorpus" time="0.331">
          <error message="matchle.MatchleGame.createDefaultCorpus()" type="java.lang.NoSuchMethodException">java.lang.NoSuchMethodException: matchle.MatchleGame.createDefaultCorpus()
	at java.base/java.lang.Class.getDeclaredMethod(Class.java:2675)
	at matchle.MatchleGameTest.testMainMethodWithEmptyCorpus(MatchleGameTest.java:70)
	at java.base/jdk.internal.reflect.NativeMethodAccessorImpl.invoke0(Native Method)
	at java.base/jdk.internal.reflect.NativeMethodAccessorImpl.invoke(NativeMethodAccessorImpl.java:77)
	at java.base/jdk.internal.reflect.DelegatingMethodAccessorImpl.invoke(DelegatingMethodAccessorImpl.java:43)
	at java.base/java.lang.reflect.Method.invoke(Method.java:569)
	at org.junit.runners.model.FrameworkMethod$1.runReflectiveCall(FrameworkMethod.java:59)
	at org.junit.internal.runners.model.ReflectiveCallable.run(ReflectiveCallable.java:12)
	at org.junit.runners.model.FrameworkMethod.invokeExplosively(FrameworkMethod.java:56)
	at org.junit.internal.runners.statements.InvokeMethod.evaluate(InvokeMethod.java:17)
	at org.junit.internal.runners.statements.RunBefores.evaluate(RunBefores.java:26)
	at org.junit.internal.runners.statements.RunAfters.evaluate(RunAfters.java:27)
	at org.junit.runners.ParentRunner$3.evaluate(ParentRunner.java:306)
	at org.junit.runners.BlockJUnit4ClassRunner$1.evaluate(BlockJUnit4ClassRunner.java:100)
	at org.junit.runners.ParentRunner.runLeaf(ParentRunner.java:366)
	at org.junit.runners.BlockJUnit4ClassRunner.runChild(BlockJUnit4ClassRunner.java:103)
	at org.junit.runners.BlockJUnit4ClassRunner.runChild(BlockJUnit4ClassRunner.java:63)
	at org.junit.runners.ParentRunner$4.run(ParentRunner.java:331)
	at org.junit.runners.ParentRunner$1.schedule(ParentRunner.java:79)
	at org.junit.runners.ParentRunner.runChildren(ParentRunner.java:329)
	at org.junit.runners.ParentRunner.access$100(ParentRunner.java:66)
	at org.junit.runners.ParentRunner$2.evaluate(ParentRunner.java:293)
	at org.junit.runners.ParentRunner$3.evaluate(ParentRunner.java:306)
	at org.junit.runners.ParentRunner.run(ParentRunner.java:413)
	at junit.framework.JUnit4TestAdapter.run(JUnit4TestAdapter.java:50)
	at org.apache.tools.ant.taskdefs.optional.junit.JUnitTestRunner.run(JUnitTestRunner.java:535)
	at org.apache.tools.ant.taskdefs.optional.junit.JUnitTestRunner.launch(JUnitTestRunner.java:1197)
	at org.apache.tools.ant.taskdefs.optional.junit.JUnitTestRunner.main(JUnitTestRunner.java:1042)
</error>

      </testcase>

      <testcase classname="matchle.MatchleGameTest" name="testFilterAccumulation" time="0.002" />

      <testcase classname="matchle.MatchleGameTest" name="testMainMethodExecution" time="3.676" />

      <system-out><![CDATA[]]></system-out>

      <system-err><![CDATA[]]></system-err>

  </testsuite>
  <testsuite errors="0" failures="0" hostname="Mac.lan" id="9" name="NGramIteratorTest" package="matchle" skipped="0" tests="4" time="0.036" timestamp="2025-04-11T11:51:05">
      <properties>
[...]
</properties>

      <testcase classname="matchle.NGramIteratorTest" name="testEmptyNGramIterator" time="0.005" />

      <testcase classname="matchle.NGramIteratorTest" name="testIteratorExhausted" time="0.001" />

      <testcase classname="matchle.NGramIteratorTest" name="testRemoveNotSupported" time="0.0" />

      <testcase classname="matchle.NGramIteratorTest" name="testIterator" time="0.001" />

      <system-out><![CDATA[]]></system-out>

      <system-err><![CDATA[]]></system-err>

  </testsuite>
  <testsuite errors="0" failures="0" hostname="Mac.lan" id="10" name="NGramMatcherTest" package="matchle" skipped="0" tests="4" time="0.052" timestamp="2025-04-11T11:51:05">
      <properties>
[...]
</properties>

      <testcase classname="matchle.NGramMatcherTest" name="testComplexCriteria" time="0.011" />

      <testcase classname="matchle.NGramMatcherTest" name="testCorpusFiltering" time="0.009" />

      <testcase classname="matchle.NGramMatcherTest" name="testExactMatch" time="0.0" />

      <testcase classname="matchle.NGramMatcherTest" name="testSimpleCriteria" time="0.0" />

      <system-out><![CDATA[]]></system-out>

      <system-err><![CDATA[]]></system-err>

  </testsuite>
  <testsuite errors="0" failures="0" hostname="Mac.lan" id="11" name="NGramTest" package="matchle" skipped="0" tests="5" time="0.036" timestamp="2025-04-11T11:51:05">
      <properties>
[...]
</properties>

      <testcase classname="matchle.NGramTest" name="testFromStringCopy" time="0.003" />

      <testcase classname="matchle.NGramTest" name="testFromCharList" time="0.0" />

      <testcase classname="matchle.NGramTest" name="testEmptyString" time="0.0" />

      <testcase classname="matchle.NGramTest" name="testFromString" time="0.0" />

      <testcase classname="matchle.NGramTest" name="testNullInput" time="0.0" />

      <system-out><![CDATA[]]></system-out>

      <system-err><![CDATA[]]></system-err>

  </testsuite>
  <testsuite errors="0" failures="0" hostname="Mac.lan" id="12" name="NullCharacterExceptionTest" package="matchle" skipped="0" tests="8" time="0.036" timestamp="2025-04-11T11:51:05">
      <properties>
[...]
</properties>

      <testcase classname="matchle.NullCharacterExceptionTest" name="testConstructorAndGetIndex" time="0.003" />

      <testcase classname="matchle.NullCharacterExceptionTest" name="testExceptionCause" time="0.0" />

      <testcase classname="matchle.NullCharacterExceptionTest" name="testValidateValidList" time="0.0" />

      <testcase classname="matchle.NullCharacterExceptionTest" name="testNullAtFirstPosition" time="0.0" />

      <testcase classname="matchle.NullCharacterExceptionTest" name="testMultipleNullCharacters" time="0.0" />

      <testcase classname="matchle.NullCharacterExceptionTest" name="testValidateWithNullList" time="0.0" />

      <testcase classname="matchle.NullCharacterExceptionTest" name="testNullAtLastPosition" time="0.0" />

      <testcase classname="matchle.NullCharacterExceptionTest" name="testValidateWithNullCharacter" time="0.0" />

      <system-out><![CDATA[]]></system-out>

      <system-err><![CDATA[]]></system-err>

  </testsuite>
  <testsuite errors="0" failures="0" hostname="Mac.lan" id="13" name="CorpusExceptionTest" package="matchle.exception" skipped="0" tests="5" time="0.034" timestamp="2025-04-11T11:51:06">
      <properties>
[...]
</properties>

      <testcase classname="matchle.exception.CorpusExceptionTest" name="testConstructorWithMessageAndCause" time="0.001" />

      <testcase classname="matchle.exception.CorpusExceptionTest" name="testInconsistentWordSizeException" time="0.0" />

      <testcase classname="matchle.exception.CorpusExceptionTest" name="testExceptionHierarchy" time="0.001" />

      <testcase classname="matchle.exception.CorpusExceptionTest" name="testConstructorWithMessage" time="0.0" />

      <testcase classname="matchle.exception.CorpusExceptionTest" name="testEmptyCorpusException" time="0.0" />

      <system-out><![CDATA[]]></system-out>

      <system-err><![CDATA[]]></system-err>

  </testsuite>
  <testsuite errors="0" failures="0" hostname="Mac.lan" id="14" name="MatchleExceptionTest" package="matchle.exception" skipped="0" tests="3" time="0.036" timestamp="2025-04-11T11:51:06">
      <properties>
[...]
</properties>

      <testcase classname="matchle.exception.MatchleExceptionTest" name="testConstructorWithMessageAndCause" time="0.003" />

      <testcase classname="matchle.exception.MatchleExceptionTest" name="testExceptionHierarchy" time="0.0" />

      <testcase classname="matchle.exception.MatchleExceptionTest" name="testConstructorWithMessage" time="0.0" />

      <system-out><![CDATA[]]></system-out>

      <system-err><![CDATA[]]></system-err>

  </testsuite>
  <testsuite errors="0" failures="0" hostname="Mac.lan" id="15" name="MatchleUtilsTest" package="matchle.util" skipped="0" tests="6" time="0.036" timestamp="2025-04-11T11:51:06">
      <properties>
[...]
</properties>

      <testcase classname="matchle.util.MatchleUtilsTest" name="testHammingDistanceWithIdenticalStrings" time="0.002" />

      <testcase classname="matchle.util.MatchleUtilsTest" name="testHammingDistance" time="0.0" />

      <testcase classname="matchle.util.MatchleUtilsTest" name="testIntersectionSizeWithEmptyCollection" time="0.001" />

      <testcase classname="matchle.util.MatchleUtilsTest" name="testIntersectionSize" time="0.0" />

      <testcase classname="matchle.util.MatchleUtilsTest" name="testIntersectionSizeWithNoCommonElements" time="0.0" />

      <testcase classname="matchle.util.MatchleUtilsTest" name="testHammingDistanceWithDifferentLengths" time="0.0" />

      <system-out><![CDATA[]]></system-out>

      <system-err><![CDATA[]]></system-err>

  </testsuite>
  <testsuite errors="0" failures="0" hostname="Mac.lan" id="16" name="UIUtilsTest" package="matchle.util" skipped="0" tests="4" time="2.909" timestamp="2025-04-11T11:51:07">
      <properties>
[...]
</properties>

      <testcase classname="matchle.util.UIUtilsTest" name="testShowErrorMessage" time="1.537" />

      <testcase classname="matchle.util.UIUtilsTest" name="testShowWarningMessage" time="0.376" />

      <testcase classname="matchle.util.UIUtilsTest" name="testShowInfoMessage" time="0.477" />

      <testcase classname="matchle.util.UIUtilsTest" name="testShowMessagesWithNullParent" time="0.484" />

      <system-out><![CDATA[]]></system-out>

      <system-err><![CDATA[]]></system-err>

  </testsuite>
</testsuites>
