<?xml version="1.0" encoding="UTF-8" ?>
<testsuites>
  <testsuite errors="0" failures="0" hostname="Mac.lan" id="0" name="CorpusLoaderTest" package="matchle" skipped="0" tests="4" time="12.107" timestamp="2025-04-11T11:14:15">
      <properties>
[...]
</properties>

      <testcase classname="matchle.CorpusLoaderTest" name="testLoadEnglishWords" time="0.312" />

      <testcase classname="matchle.CorpusLoaderTest" name="testHardCaseExecution" time="3.861" />

      <testcase classname="matchle.CorpusLoaderTest" name="testMainMethodExecution" time="7.763" />

      <testcase classname="matchle.CorpusLoaderTest" name="testLoadEnglishWordsWithDifferentLength" time="0.138" />

      <system-out><![CDATA[Loaded corpus with 300 5-letter words.

=== Testing Hard Case ===
Loaded special corpus with 300 words.
Testing score functions for guess: where
Score for key achar and guess where = 4
Score for key agami and guess where = 118
Score for key aargh and guess where = 4
Score for key acker and guess where = 1
Score for key accum and guess where = 118
Score for key abura and guess where = 14
Score for key afore and guess where = 1
Score for key adoxa and guess where = 118
Score for key ackey and guess where = 1
Score for key accur and guess where = 25
Score for key accus and guess where = 118
Score for key agamy and guess where = 118
Score for key aeron and guess where = 1
Score for key aggur and guess where = 25
Score for key adlai and guess where = 118
Score for key abase and guess where = 1
Score for key adeem and guess where = 14
Score for key adult and guess where = 118
Score for key abash and guess where = 7
Score for key adeep and guess where = 14
Score for key acerb and guess where = 1
Score for key abask and guess where = 118
Score for key afgod and guess where = 118
Score for key acrux and guess where = 25
Score for key adams and guess where = 118
Score for key adoxy and guess where = 118
Score for key admin and guess where = 118
Score for key adlay and guess where = 118
Score for key abhor and guess where = 4
Score for key admit and guess where = 118
Score for key abuse and guess where = 1
Score for key adrip and guess where = 25
Score for key abide and guess where = 1
Score for key admix and guess where = 118
Score for key acorn and guess where = 14
Score for key abush and guess where = 7
Score for key abidi and guess where = 118
Score for key abele and guess where = 4
Score for key aflow and guess where = 6
Score for key abate and guess where = 1
Score for key aedes and guess where = 38
Score for key agoge and guess where = 1
Score for key aevia and guess where = 1
Score for key aegir and guess where = 1
Score for key aegis and guess where = 1
Score for key adunc and guess where = 118
Score for key abuta and guess where = 118
Score for key agism and guess where = 118
Score for key abbie and guess where = 1
Score for key adoze and guess where = 1
Score for key agist and guess where = 118
Score for key acost and guess where = 118
Score for key abaue and guess where = 1
Score for key afear and guess where = 1
Score for key absee and guess where = 35
Score for key aboma and guess where = 118
Score for key abuts and guess where = 118
Score for key agape and guess where = 1
Score for key afoam and guess where = 118
Score for key abies and guess where = 1
Score for key aceta and guess where = 1
Score for key abkar and guess where = 25
Score for key abner and guess where = 1
Score for key abnet and guess where = 1
Score for key affix and guess where = 118
Score for key afret and guess where = 1
Score for key ached and guess where = 1
Score for key absey and guess where = 1
Score for key adapa and guess where = 118
Score for key accel and guess where = 1
Score for key afoul and guess where = 118
Score for key abend and guess where = 1
Score for key aeons and guess where = 1
Score for key aglee and guess where = 35
Score for key acred and guess where = 1
Score for key abave and guess where = 1
Score for key achen and guess where = 1
Score for key acher and guess where = 1
Score for key aches and guess where = 1
Score for key abaca and guess where = 118
Score for key agger and guess where = 1
Score for key acmes and guess where = 1
Score for key adapt and guess where = 118
Score for key agnat and guess where = 118
Score for key aglet and guess where = 1
Score for key abaci and guess where = 118
Score for key acres and guess where = 1
Score for key aback and guess where = 118
Score for key agley and guess where = 1
Score for key adits and guess where = 118
Score for key acoup and guess where = 118
Score for key acryl and guess where = 25
Score for key aegle and guess where = 35
Score for key agnus and guess where = 118
Score for key acing and guess where = 118
Score for key actus and guess where = 118
Score for key addax and guess where = 118
Score for key acini and guess where = 118
Score for key abada and guess where = 118
Score for key adlet and guess where = 1
Score for key agars and guess where = 14
Score for key aboon and guess where = 118
Score for key adsum and guess where = 118
Score for key acock and guess where = 118
Score for key agasp and guess where = 118
Score for key agast and guess where = 118
Score for key adure and guess where = 1
Score for key acale and guess where = 1
Score for key aesir and guess where = 1
Score for key abwab and guess where = 6
Score for key agata and guess where = 118
Score for key agate and guess where = 1
Score for key abram and guess where = 25
Score for key adcon and guess where = 118
Score for key acedy and guess where = 1
Score for key afric and guess where = 25
Score for key aflat and guess where = 118
Score for key addda and guess where = 118
Score for key abaff and guess where = 118
Score for key abray and guess where = 25
Score for key absis and guess where = 118
Score for key absit and guess where = 118
Score for key after and guess where = 1
Score for key adela and guess where = 1
Score for key agaty and guess where = 118
Score for key afrit and guess where = 25
Score for key adusk and guess where = 118
Score for key adrop and guess where = 25
Score for key admov and guess where = 118
Score for key acmic and guess where = 118
Score for key abaft and guess where = 118
Score for key abrus and guess where = 25
Score for key aggie and guess where = 1
Score for key acted and guess where = 1
Score for key agiel and guess where = 1
Score for key adust and guess where = 118
Score for key acrid and guess where = 25
Score for key adati and guess where = 118
Score for key adolf and guess where = 118
Score for key agnel and guess where = 1
Score for key abord and guess where = 14
Score for key abaze and guess where = 1
Score for key afire and guess where = 1
Score for key aberr and guess where = 1
Score for key agnes and guess where = 1
Score for key added and guess where = 1
Score for key aaron and guess where = 25
Score for key acana and guess where = 118
Score for key adaty and guess where = 118
Score for key abort and guess where = 14
Score for key agena and guess where = 1
Score for key agend and guess where = 1
Score for key agene and guess where = 4
Score for key adder and guess where = 1
Score for key adiel and guess where = 1
Score for key agave and guess where = 1
Score for key adpao and guess where = 118
Score for key adieu and guess where = 1
Score for key abbot and guess where = 118
Score for key abuzz and guess where = 118
Score for key agent and guess where = 1
Score for key adnex and guess where = 1
Score for key ablow and guess where = 6
Score for key abysm and guess where = 118
Score for key aalii and guess where = 118
Score for key abyss and guess where = 118
Score for key abilo and guess where = 118
Score for key abote and guess where = 1
Score for key agada and guess where = 118
Score for key aetat and guess where = 1
Score for key agade and guess where = 1
Score for key abets and guess where = 1
Score for key abeam and guess where = 1
Score for key abear and guess where = 1
Score for key admrx and guess where = 14
Score for key abime and guess where = 1
Score for key adawe and guess where = 1
Score for key acapu and guess where = 118
Score for key adawn and guess where = 6
Score for key abret and guess where = 1
Score for key afley and guess where = 1
Score for key afara and guess where = 14
Score for key about and guess where = 118
Score for key aghan and guess where = 7
Score for key aghas and guess where = 7
Score for key agmas and guess where = 118
Score for key acoin and guess where = 118
Score for key above and guess where = 1
Score for key abaka and guess where = 118
Score for key actin and guess where = 118
Score for key adeps and guess where = 1
Score for key adept and guess where = 1
Score for key afars and guess where = 14
Score for key addie and guess where = 1
Score for key acara and guess where = 14
Score for key aesop and guess where = 1
Score for key adopt and guess where = 118
Score for key adrad and guess where = 25
Score for key aclys and guess where = 118
Score for key acari and guess where = 14
Score for key adman and guess where = 118
Score for key addio and guess where = 118
Score for key abdom and guess where = 118
Score for key addis and guess where = 118
Score for key agaze and guess where = 1
Score for key abede and guess where = 4
Score for key adrue and guess where = 1
Score for key agers and guess where = 1
Score for key adays and guess where = 118
Score for key aecia and guess where = 1
Score for key adzer and guess where = 1
Score for key adzes and guess where = 1
Score for key abode and guess where = 1
Score for key afros and guess where = 25
Score for key aeric and guess where = 1
Score for key aerie and guess where = 2
Score for key abmho and guess where = 7
Score for key acroa and guess where = 25
Score for key achoo and guess where = 7
Score for key adore and guess where = 1
Score for key acast and guess where = 118
Score for key achor and guess where = 4
Score for key abody and guess where = 118
Score for key adage and guess where = 1
Score for key abama and guess where = 118
Score for key accoy and guess where = 118
Score for key acron and guess where = 25
Score for key adorn and guess where = 14
Score for key aequi and guess where = 1
Score for key abbas and guess where = 118
Score for key aglow and guess where = 6
Score for key acate and guess where = 1
Score for key aevum and guess where = 1
Score for key abamp and guess where = 118
Score for key agile and guess where = 1
Score for key acold and guess where = 118
Score for key acids and guess where = 118
Score for key agete and guess where = 4
Score for key adagy and guess where = 118
Score for key acidy and guess where = 118
Score for key abrim and guess where = 25
Score for key abrin and guess where = 25
Score for key abris and guess where = 25
Score for key acute and guess where = 1
Score for key abyes and guess where = 1
Score for key aband and guess where = 118
Score for key addle and guess where = 1
Score for key acned and guess where = 1
Score for key acyls and guess where = 118
Score for key afifi and guess where = 118
Score for key again and guess where = 118
Score for key acoma and guess where = 118
Score for key acier and guess where = 1
Score for key acies and guess where = 1
Score for key abuna and guess where = 118
Score for key acuan and guess where = 118
Score for key acnes and guess where = 1
Score for key abune and guess where = 1
Score for key adead and guess where = 1
Score for key aface and guess where = 1
Score for key adyta and guess where = 118
Score for key adjag and guess where = 118
Score for key accra and guess where = 14
Score for key admen and guess where = 1
Score for key acone and guess where = 1
Score for key aging and guess where = 118
Score for key adfix and guess where = 118
Score for key aggro and guess where = 14
Score for key aahed and guess where = 1
Score for key adret and guess where = 1
Score for key afoot and guess where = 118
Score for key aggry and guess where = 14
Score for key adobe and guess where = 1
Score for key addnl and guess where = 118
Score for key aeger and guess where = 18
Score for key adobo and guess where = 118
Score for key abohm and guess where = 7
Score for key acool and guess where = 118
Score for key abdal and guess where = 118
Score for key agios and guess where = 118
Score for key acton and guess where = 118
Score for key abled and guess where = 1
Score for key actor and guess where = 25
Score for key actos and guess where = 118
Score for key abbes and guess where = 1
Score for key abstr and guess where = 25
Score for key abdat and guess where = 118
Score for key abbey and guess where = 1
Score for key abler and guess where = 1
Score for key ables and guess where = 1
Score for key ablet and guess where = 1
Score for key aboil and guess where = 118
Score for key adion and guess where = 118
Score for key accts and guess where = 118
Score for key adios and guess where = 118
Score for key afray and guess where = 25
Score for key agama and guess where = 118
Score for key acrab and guess where = 25
Score for key ackee and guess where = 35
Score for key adown and guess where = 6
Best worst-case guess: abaca
Loaded corpus with 300 5-letter words.
Testing score functions for guess: abced
Score for key achar and guess abced = 31
Worst-case score for guess abced = 41
Average-case score for guess abced = 24.36
Best worst-case guess: abaca
Best average-case guess: abada
Loaded corpus with 300 5-letter words.

=== Testing Hard Case ===
Loaded special corpus with 300 words.
Testing score functions for guess: where
Score for key achar and guess where = 4
Score for key agami and guess where = 118
Score for key aargh and guess where = 4
Score for key acker and guess where = 1
Score for key accum and guess where = 118
Score for key abura and guess where = 14
Score for key afore and guess where = 1
Score for key adoxa and guess where = 118
Score for key ackey and guess where = 1
Score for key accur and guess where = 25
Score for key accus and guess where = 118
Score for key agamy and guess where = 118
Score for key aeron and guess where = 1
Score for key aggur and guess where = 25
Score for key adlai and guess where = 118
Score for key abase and guess where = 1
Score for key adeem and guess where = 14
Score for key adult and guess where = 118
Score for key abash and guess where = 7
Score for key adeep and guess where = 14
Score for key acerb and guess where = 1
Score for key abask and guess where = 118
Score for key afgod and guess where = 118
Score for key acrux and guess where = 25
Score for key adams and guess where = 118
Score for key adoxy and guess where = 118
Score for key admin and guess where = 118
Score for key adlay and guess where = 118
Score for key abhor and guess where = 4
Score for key admit and guess where = 118
Score for key abuse and guess where = 1
Score for key adrip and guess where = 25
Score for key abide and guess where = 1
Score for key admix and guess where = 118
Score for key acorn and guess where = 14
Score for key abush and guess where = 7
Score for key abidi and guess where = 118
Score for key abele and guess where = 4
Score for key aflow and guess where = 6
Score for key abate and guess where = 1
Score for key aedes and guess where = 38
Score for key agoge and guess where = 1
Score for key aevia and guess where = 1
Score for key aegir and guess where = 1
Score for key aegis and guess where = 1
Score for key adunc and guess where = 118
Score for key abuta and guess where = 118
Score for key agism and guess where = 118
Score for key abbie and guess where = 1
Score for key adoze and guess where = 1
Score for key agist and guess where = 118
Score for key acost and guess where = 118
Score for key abaue and guess where = 1
Score for key afear and guess where = 1
Score for key absee and guess where = 35
Score for key aboma and guess where = 118
Score for key abuts and guess where = 118
Score for key agape and guess where = 1
Score for key afoam and guess where = 118
Score for key abies and guess where = 1
Score for key aceta and guess where = 1
Score for key abkar and guess where = 25
Score for key abner and guess where = 1
Score for key abnet and guess where = 1
Score for key affix and guess where = 118
Score for key afret and guess where = 1
Score for key ached and guess where = 1
Score for key absey and guess where = 1
Score for key adapa and guess where = 118
Score for key accel and guess where = 1
Score for key afoul and guess where = 118
Score for key abend and guess where = 1
Score for key aeons and guess where = 1
Score for key aglee and guess where = 35
Score for key acred and guess where = 1
Score for key abave and guess where = 1
Score for key achen and guess where = 1
Score for key acher and guess where = 1
Score for key aches and guess where = 1
Score for key abaca and guess where = 118
Score for key agger and guess where = 1
Score for key acmes and guess where = 1
Score for key adapt and guess where = 118
Score for key agnat and guess where = 118
Score for key aglet and guess where = 1
Score for key abaci and guess where = 118
Score for key acres and guess where = 1
Score for key aback and guess where = 118
Score for key agley and guess where = 1
Score for key adits and guess where = 118
Score for key acoup and guess where = 118
Score for key acryl and guess where = 25
Score for key aegle and guess where = 35
Score for key agnus and guess where = 118
Score for key acing and guess where = 118
Score for key actus and guess where = 118
Score for key addax and guess where = 118
Score for key acini and guess where = 118
Score for key abada and guess where = 118
Score for key adlet and guess where = 1
Score for key agars and guess where = 14
Score for key aboon and guess where = 118
Score for key adsum and guess where = 118
Score for key acock and guess where = 118
Score for key agasp and guess where = 118
Score for key agast and guess where = 118
Score for key adure and guess where = 1
Score for key acale and guess where = 1
Score for key aesir and guess where = 1
Score for key abwab and guess where = 6
Score for key agata and guess where = 118
Score for key agate and guess where = 1
Score for key abram and guess where = 25
Score for key adcon and guess where = 118
Score for key acedy and guess where = 1
Score for key afric and guess where = 25
Score for key aflat and guess where = 118
Score for key addda and guess where = 118
Score for key abaff and guess where = 118
Score for key abray and guess where = 25
Score for key absis and guess where = 118
Score for key absit and guess where = 118
Score for key after and guess where = 1
Score for key adela and guess where = 1
Score for key agaty and guess where = 118
Score for key afrit and guess where = 25
Score for key adusk and guess where = 118
Score for key adrop and guess where = 25
Score for key admov and guess where = 118
Score for key acmic and guess where = 118
Score for key abaft and guess where = 118
Score for key abrus and guess where = 25
Score for key aggie and guess where = 1
Score for key acted and guess where = 1
Score for key agiel and guess where = 1
Score for key adust and guess where = 118
Score for key acrid and guess where = 25
Score for key adati and guess where = 118
Score for key adolf and guess where = 118
Score for key agnel and guess where = 1
Score for key abord and guess where = 14
Score for key abaze and guess where = 1
Score for key afire and guess where = 1
Score for key aberr and guess where = 1
Score for key agnes and guess where = 1
Score for key added and guess where = 1
Score for key aaron and guess where = 25
Score for key acana and guess where = 118
Score for key adaty and guess where = 118
Score for key abort and guess where = 14
Score for key agena and guess where = 1
Score for key agend and guess where = 1
Score for key agene and guess where = 4
Score for key adder and guess where = 1
Score for key adiel and guess where = 1
Score for key agave and guess where = 1
Score for key adpao and guess where = 118
Score for key adieu and guess where = 1
Score for key abbot and guess where = 118
Score for key abuzz and guess where = 118
Score for key agent and guess where = 1
Score for key adnex and guess where = 1
Score for key ablow and guess where = 6
Score for key abysm and guess where = 118
Score for key aalii and guess where = 118
Score for key abyss and guess where = 118
Score for key abilo and guess where = 118
Score for key abote and guess where = 1
Score for key agada and guess where = 118
Score for key aetat and guess where = 1
Score for key agade and guess where = 1
Score for key abets and guess where = 1
Score for key abeam and guess where = 1
Score for key abear and guess where = 1
Score for key admrx and guess where = 14
Score for key abime and guess where = 1
Score for key adawe and guess where = 1
Score for key acapu and guess where = 118
Score for key adawn and guess where = 6
Score for key abret and guess where = 1
Score for key afley and guess where = 1
Score for key afara and guess where = 14
Score for key about and guess where = 118
Score for key aghan and guess where = 7
Score for key aghas and guess where = 7
Score for key agmas and guess where = 118
Score for key acoin and guess where = 118
Score for key above and guess where = 1
Score for key abaka and guess where = 118
Score for key actin and guess where = 118
Score for key adeps and guess where = 1
Score for key adept and guess where = 1
Score for key afars and guess where = 14
Score for key addie and guess where = 1
Score for key acara and guess where = 14
Score for key aesop and guess where = 1
Score for key adopt and guess where = 118
Score for key adrad and guess where = 25
Score for key aclys and guess where = 118
Score for key acari and guess where = 14
Score for key adman and guess where = 118
Score for key addio and guess where = 118
Score for key abdom and guess where = 118
Score for key addis and guess where = 118
Score for key agaze and guess where = 1
Score for key abede and guess where = 4
Score for key adrue and guess where = 1
Score for key agers and guess where = 1
Score for key adays and guess where = 118
Score for key aecia and guess where = 1
Score for key adzer and guess where = 1
Score for key adzes and guess where = 1
Score for key abode and guess where = 1
Score for key afros and guess where = 25
Score for key aeric and guess where = 1
Score for key aerie and guess where = 2
Score for key abmho and guess where = 7
Score for key acroa and guess where = 25
Score for key achoo and guess where = 7
Score for key adore and guess where = 1
Score for key acast and guess where = 118
Score for key achor and guess where = 4
Score for key abody and guess where = 118
Score for key adage and guess where = 1
Score for key abama and guess where = 118
Score for key accoy and guess where = 118
Score for key acron and guess where = 25
Score for key adorn and guess where = 14
Score for key aequi and guess where = 1
Score for key abbas and guess where = 118
Score for key aglow and guess where = 6
Score for key acate and guess where = 1
Score for key aevum and guess where = 1
Score for key abamp and guess where = 118
Score for key agile and guess where = 1
Score for key acold and guess where = 118
Score for key acids and guess where = 118
Score for key agete and guess where = 4
Score for key adagy and guess where = 118
Score for key acidy and guess where = 118
Score for key abrim and guess where = 25
Score for key abrin and guess where = 25
Score for key abris and guess where = 25
Score for key acute and guess where = 1
Score for key abyes and guess where = 1
Score for key aband and guess where = 118
Score for key addle and guess where = 1
Score for key acned and guess where = 1
Score for key acyls and guess where = 118
Score for key afifi and guess where = 118
Score for key again and guess where = 118
Score for key acoma and guess where = 118
Score for key acier and guess where = 1
Score for key acies and guess where = 1
Score for key abuna and guess where = 118
Score for key acuan and guess where = 118
Score for key acnes and guess where = 1
Score for key abune and guess where = 1
Score for key adead and guess where = 1
Score for key aface and guess where = 1
Score for key adyta and guess where = 118
Score for key adjag and guess where = 118
Score for key accra and guess where = 14
Score for key admen and guess where = 1
Score for key acone and guess where = 1
Score for key aging and guess where = 118
Score for key adfix and guess where = 118
Score for key aggro and guess where = 14
Score for key aahed and guess where = 1
Score for key adret and guess where = 1
Score for key afoot and guess where = 118
Score for key aggry and guess where = 14
Score for key adobe and guess where = 1
Score for key addnl and guess where = 118
Score for key aeger and guess where = 18
Score for key adobo and guess where = 118
Score for key abohm and guess where = 7
Score for key acool and guess where = 118
Score for key abdal and guess where = 118
Score for key agios and guess where = 118
Score for key acton and guess where = 118
Score for key abled and guess where = 1
Score for key actor and guess where = 25
Score for key actos and guess where = 118
Score for key abbes and guess where = 1
Score for key abstr and guess where = 25
Score for key abdat and guess where = 118
Score for key abbey and guess where = 1
Score for key abler and guess where = 1
Score for key ables and guess where = 1
Score for key ablet and guess where = 1
Score for key aboil and guess where = 118
Score for key adion and guess where = 118
Score for key accts and guess where = 118
Score for key adios and guess where = 118
Score for key afray and guess where = 25
Score for key agama and guess where = 118
Score for key acrab and guess where = 25
Score for key ackee and guess where = 35
Score for key adown and guess where = 6
Best worst-case guess: abaca
]]></system-out>

      <system-err><![CDATA[]]></system-err>

  </testsuite>
  <testsuite errors="0" failures="0" hostname="Mac.lan" id="1" name="CorpusPerformanceTest" package="matchle" skipped="0" tests="2" time="12.687" timestamp="2025-04-11T11:14:27">
      <properties>
[...]
</properties>

      <testcase classname="matchle.CorpusPerformanceTest" name="testBestWorstCaseGuessPerformance" time="12.612" />

      <testcase classname="matchle.CorpusPerformanceTest" name="testMemoryUsage" time="0.042" />

      <system-out><![CDATA[bestWorstCaseGuess took 12602 ms for corpus size 500
Memory growth after 100 scoreWorstCase calls: 114712 bytes
]]></system-out>

      <system-err><![CDATA[]]></system-err>

  </testsuite>
  <testsuite errors="0" failures="0" hostname="Mac.lan" id="2" name="CorpusScoreDebugTest" package="matchle" skipped="0" tests="1" time="0.054" timestamp="2025-04-11T11:14:40">
      <properties>
[...]
</properties>

      <testcase classname="matchle.CorpusScoreDebugTest" name="debugScoreBreakdown" time="0.021" />

      <system-out><![CDATA[Debugging score breakdown for guess: route
-----
Key: hello
Score: 1
Key: hello
Guess: route
Correct Matches: {}
Misplaced Matches: [IndexedCharacter[index=4, character=e], IndexedCharacter[index=1, character=o]]
Absent Letters: [r, t, u]

-----
Key: route
Score: 1
Key: route
Guess: route
Correct Matches: {0=r, 1=o, 2=u, 3=t, 4=e}
Misplaced Matches: []
Absent Letters: []

-----
Key: rebus
Score: 2
Key: rebus
Guess: route
Correct Matches: {0=r}
Misplaced Matches: [IndexedCharacter[index=4, character=e], IndexedCharacter[index=2, character=u]]
Absent Letters: [t, o]

-----
Key: redux
Score: 2
Key: redux
Guess: route
Correct Matches: {0=r}
Misplaced Matches: [IndexedCharacter[index=4, character=e], IndexedCharacter[index=2, character=u]]
Absent Letters: [t, o]

Total score = 6 over 4 keys, average = 1.5
]]></system-out>

      <system-err><![CDATA[]]></system-err>

  </testsuite>
  <testsuite errors="0" failures="0" hostname="Mac.lan" id="3" name="CorpusScoringTest" package="matchle" skipped="0" tests="7" time="0.052" timestamp="2025-04-11T11:14:41">
      <properties>
[...]
</properties>

      <testcase classname="matchle.CorpusScoringTest" name="testBestWorstCaseGuess" time="0.016" />

      <testcase classname="matchle.CorpusScoringTest" name="testScore" time="0.001" />

      <testcase classname="matchle.CorpusScoringTest" name="testScoreAverageCase" time="0.001" />

      <testcase classname="matchle.CorpusScoringTest" name="testEmptyCorpus" time="0.0" />

      <testcase classname="matchle.CorpusScoringTest" name="testBestAverageCaseGuess" time="0.001" />

      <testcase classname="matchle.CorpusScoringTest" name="testScoreWorstCase" time="0.001" />

      <testcase classname="matchle.CorpusScoringTest" name="testBestGuessWithCustomCriterion" time="0.0" />

      <system-out><![CDATA[]]></system-out>

      <system-err><![CDATA[]]></system-err>

  </testsuite>
  <testsuite errors="0" failures="0" hostname="Mac.lan" id="4" name="CorpusTest" package="matchle" skipped="0" tests="8" time="0.037" timestamp="2025-04-11T11:14:41">
      <properties>
[...]
</properties>

      <testcase classname="matchle.CorpusTest" name="testNotContains" time="0.002" />

      <testcase classname="matchle.CorpusTest" name="testEmptyCorpus" time="0.0" />

      <testcase classname="matchle.CorpusTest" name="testContains" time="0.0" />

      <testcase classname="matchle.CorpusTest" name="testWordSize" time="0.0" />

      <testcase classname="matchle.CorpusTest" name="testCorpusContents" time="0.0" />

      <testcase classname="matchle.CorpusTest" name="testAddNullWord" time="0.0" />

      <testcase classname="matchle.CorpusTest" name="testIterator" time="0.0" />

      <testcase classname="matchle.CorpusTest" name="testInconsistentWordSize" time="0.0" />

      <system-out><![CDATA[]]></system-out>

      <system-err><![CDATA[]]></system-err>

  </testsuite>
  <testsuite errors="0" failures="0" hostname="Mac.lan" id="5" name="FilterTest" package="matchle" skipped="0" tests="6" time="0.069" timestamp="2025-04-11T11:14:41">
      <properties>
[...]
</properties>

      <testcase classname="matchle.FilterTest" name="testAndMethodWithEmptyOptional" time="0.02" />

      <testcase classname="matchle.FilterTest" name="testFALSEConstant" time="0.0" />

      <testcase classname="matchle.FilterTest" name="testWithPattern" time="0.001" />

      <testcase classname="matchle.FilterTest" name="testAndMethod" time="0.001" />

      <testcase classname="matchle.FilterTest" name="testToStringDefault" time="0.001" />

      <testcase classname="matchle.FilterTest" name="testFilterFrom" time="0.0" />

      <system-out><![CDATA[]]></system-out>

      <system-err><![CDATA[]]></system-err>

  </testsuite>
  <testsuite errors="0" failures="0" hostname="Mac.lan" id="6" name="GameStateManagerTest" package="matchle" skipped="0" tests="4" time="0.054" timestamp="2025-04-11T11:14:42">
      <properties>
[...]
</properties>

      <testcase classname="matchle.GameStateManagerTest" name="testSaveAndLoadGame" time="0.021" />

      <testcase classname="matchle.GameStateManagerTest" name="testGameStateSerializability" time="0.001" />

      <testcase classname="matchle.GameStateManagerTest" name="testFilterSerializability" time="0.001" />

      <testcase classname="matchle.GameStateManagerTest" name="testLoadNonExistentFile" time="0.0" />

      <system-out><![CDATA[]]></system-out>

      <system-err><![CDATA[]]></system-err>

  </testsuite>
  <testsuite errors="0" failures="0" hostname="Mac.lan" id="7" name="GameStateTest" package="matchle" skipped="0" tests="4" time="0.046" timestamp="2025-04-11T11:14:42">
      <properties>
[...]
</properties>

      <testcase classname="matchle.GameStateTest" name="testGetAccumulatedFilter" time="0.013" />

      <testcase classname="matchle.GameStateTest" name="testGetSecretKey" time="0.0" />

      <testcase classname="matchle.GameStateTest" name="testGetCandidateCorpus" time="0.001" />

      <testcase classname="matchle.GameStateTest" name="testSerializable" time="0.0" />

      <system-out><![CDATA[]]></system-out>

      <system-err><![CDATA[]]></system-err>

  </testsuite>
  <testsuite errors="0" failures="3" hostname="Mac.lan" id="8" name="MatchleGameTest" package="matchle" skipped="0" tests="5" time="10.272" timestamp="2025-04-11T11:14:42">
      <properties>
[...]
</properties>

      <testcase classname="matchle.MatchleGameTest" name="testSingleCandidateRemaining" time="0.016" />

      <testcase classname="matchle.MatchleGameTest" name="testCorrectGuess" time="3.66">
          <failure message="Game should complete" type="junit.framework.AssertionFailedError">junit.framework.AssertionFailedError: Game should complete
	at org.junit.Assert.fail(Assert.java:89)
	at org.junit.Assert.assertTrue(Assert.java:42)
	at matchle.MatchleGameTest.testCorrectGuess(MatchleGameTest.java:102)
	at java.base/jdk.internal.reflect.NativeMethodAccessorImpl.invoke0(Native Method)
	at java.base/jdk.internal.reflect.NativeMethodAccessorImpl.invoke(NativeMethodAccessorImpl.java:77)
	at java.base/jdk.internal.reflect.DelegatingMethodAccessorImpl.invoke(DelegatingMethodAccessorImpl.java:43)
	at java.base/java.lang.reflect.Method.invoke(Method.java:569)
	at org.junit.runners.model.FrameworkMethod$1.runReflectiveCall(FrameworkMethod.java:59)
	at org.junit.internal.runners.model.ReflectiveCallable.run(ReflectiveCallable.java:12)
	at org.junit.runners.model.FrameworkMethod.invokeExplosively(FrameworkMethod.java:56)
	at org.junit.internal.runners.statements.InvokeMethod.evaluate(InvokeMethod.java:17)
	at org.junit.internal.runners.statements.RunBefores.evaluate(RunBefores.java:26)
	at org.junit.internal.runners.statements.RunAfters.evaluate(RunAfters.java:27)
	at org.junit.runners.ParentRunner$3.evaluate(ParentRunner.java:306)
	at org.junit.runners.BlockJUnit4ClassRunner$1.evaluate(BlockJUnit4ClassRunner.java:100)
	at org.junit.runners.ParentRunner.runLeaf(ParentRunner.java:366)
	at org.junit.runners.BlockJUnit4ClassRunner.runChild(BlockJUnit4ClassRunner.java:103)
	at org.junit.runners.BlockJUnit4ClassRunner.runChild(BlockJUnit4ClassRunner.java:63)
	at org.junit.runners.ParentRunner$4.run(ParentRunner.java:331)
	at org.junit.runners.ParentRunner$1.schedule(ParentRunner.java:79)
	at org.junit.runners.ParentRunner.runChildren(ParentRunner.java:329)
	at org.junit.runners.ParentRunner.access$100(ParentRunner.java:66)
	at org.junit.runners.ParentRunner$2.evaluate(ParentRunner.java:293)
	at org.junit.runners.ParentRunner$3.evaluate(ParentRunner.java:306)
	at org.junit.runners.ParentRunner.run(ParentRunner.java:413)
	at junit.framework.JUnit4TestAdapter.run(JUnit4TestAdapter.java:50)
	at org.apache.tools.ant.taskdefs.optional.junit.JUnitTestRunner.run(JUnitTestRunner.java:535)
	at org.apache.tools.ant.taskdefs.optional.junit.JUnitTestRunner.launch(JUnitTestRunner.java:1197)
	at org.apache.tools.ant.taskdefs.optional.junit.JUnitTestRunner.main(JUnitTestRunner.java:1042)
</failure>

      </testcase>

      <testcase classname="matchle.MatchleGameTest" name="testMainMethodWithEmptyCorpus" time="3.279">
          <failure message="Program should run without crashing" type="junit.framework.AssertionFailedError">junit.framework.AssertionFailedError: Program should run without crashing
	at org.junit.Assert.fail(Assert.java:89)
	at org.junit.Assert.assertTrue(Assert.java:42)
	at matchle.MatchleGameTest.testMainMethodWithEmptyCorpus(MatchleGameTest.java:69)
	at java.base/jdk.internal.reflect.NativeMethodAccessorImpl.invoke0(Native Method)
	at java.base/jdk.internal.reflect.NativeMethodAccessorImpl.invoke(NativeMethodAccessorImpl.java:77)
	at java.base/jdk.internal.reflect.DelegatingMethodAccessorImpl.invoke(DelegatingMethodAccessorImpl.java:43)
	at java.base/java.lang.reflect.Method.invoke(Method.java:569)
	at org.junit.runners.model.FrameworkMethod$1.runReflectiveCall(FrameworkMethod.java:59)
	at org.junit.internal.runners.model.ReflectiveCallable.run(ReflectiveCallable.java:12)
	at org.junit.runners.model.FrameworkMethod.invokeExplosively(FrameworkMethod.java:56)
	at org.junit.internal.runners.statements.InvokeMethod.evaluate(InvokeMethod.java:17)
	at org.junit.internal.runners.statements.RunBefores.evaluate(RunBefores.java:26)
	at org.junit.internal.runners.statements.RunAfters.evaluate(RunAfters.java:27)
	at org.junit.runners.ParentRunner$3.evaluate(ParentRunner.java:306)
	at org.junit.runners.BlockJUnit4ClassRunner$1.evaluate(BlockJUnit4ClassRunner.java:100)
	at org.junit.runners.ParentRunner.runLeaf(ParentRunner.java:366)
	at org.junit.runners.BlockJUnit4ClassRunner.runChild(BlockJUnit4ClassRunner.java:103)
	at org.junit.runners.BlockJUnit4ClassRunner.runChild(BlockJUnit4ClassRunner.java:63)
	at org.junit.runners.ParentRunner$4.run(ParentRunner.java:331)
	at org.junit.runners.ParentRunner$1.schedule(ParentRunner.java:79)
	at org.junit.runners.ParentRunner.runChildren(ParentRunner.java:329)
	at org.junit.runners.ParentRunner.access$100(ParentRunner.java:66)
	at org.junit.runners.ParentRunner$2.evaluate(ParentRunner.java:293)
	at org.junit.runners.ParentRunner$3.evaluate(ParentRunner.java:306)
	at org.junit.runners.ParentRunner.run(ParentRunner.java:413)
	at junit.framework.JUnit4TestAdapter.run(JUnit4TestAdapter.java:50)
	at org.apache.tools.ant.taskdefs.optional.junit.JUnitTestRunner.run(JUnitTestRunner.java:535)
	at org.apache.tools.ant.taskdefs.optional.junit.JUnitTestRunner.launch(JUnitTestRunner.java:1197)
	at org.apache.tools.ant.taskdefs.optional.junit.JUnitTestRunner.main(JUnitTestRunner.java:1042)
</failure>

      </testcase>

      <testcase classname="matchle.MatchleGameTest" name="testFilterAccumulation" time="0.001" />

      <testcase classname="matchle.MatchleGameTest" name="testMainMethodExecution" time="3.275">
          <failure message="Output should contain &apos;Secret key&apos;" type="junit.framework.AssertionFailedError">junit.framework.AssertionFailedError: Output should contain &apos;Secret key&apos;
	at org.junit.Assert.fail(Assert.java:89)
	at org.junit.Assert.assertTrue(Assert.java:42)
	at matchle.MatchleGameTest.testMainMethodExecution(MatchleGameTest.java:47)
	at java.base/jdk.internal.reflect.NativeMethodAccessorImpl.invoke0(Native Method)
	at java.base/jdk.internal.reflect.NativeMethodAccessorImpl.invoke(NativeMethodAccessorImpl.java:77)
	at java.base/jdk.internal.reflect.DelegatingMethodAccessorImpl.invoke(DelegatingMethodAccessorImpl.java:43)
	at java.base/java.lang.reflect.Method.invoke(Method.java:569)
	at org.junit.runners.model.FrameworkMethod$1.runReflectiveCall(FrameworkMethod.java:59)
	at org.junit.internal.runners.model.ReflectiveCallable.run(ReflectiveCallable.java:12)
	at org.junit.runners.model.FrameworkMethod.invokeExplosively(FrameworkMethod.java:56)
	at org.junit.internal.runners.statements.InvokeMethod.evaluate(InvokeMethod.java:17)
	at org.junit.internal.runners.statements.RunBefores.evaluate(RunBefores.java:26)
	at org.junit.internal.runners.statements.RunAfters.evaluate(RunAfters.java:27)
	at org.junit.runners.ParentRunner$3.evaluate(ParentRunner.java:306)
	at org.junit.runners.BlockJUnit4ClassRunner$1.evaluate(BlockJUnit4ClassRunner.java:100)
	at org.junit.runners.ParentRunner.runLeaf(ParentRunner.java:366)
	at org.junit.runners.BlockJUnit4ClassRunner.runChild(BlockJUnit4ClassRunner.java:103)
	at org.junit.runners.BlockJUnit4ClassRunner.runChild(BlockJUnit4ClassRunner.java:63)
	at org.junit.runners.ParentRunner$4.run(ParentRunner.java:331)
	at org.junit.runners.ParentRunner$1.schedule(ParentRunner.java:79)
	at org.junit.runners.ParentRunner.runChildren(ParentRunner.java:329)
	at org.junit.runners.ParentRunner.access$100(ParentRunner.java:66)
	at org.junit.runners.ParentRunner$2.evaluate(ParentRunner.java:293)
	at org.junit.runners.ParentRunner$3.evaluate(ParentRunner.java:306)
	at org.junit.runners.ParentRunner.run(ParentRunner.java:413)
	at junit.framework.JUnit4TestAdapter.run(JUnit4TestAdapter.java:50)
	at org.apache.tools.ant.taskdefs.optional.junit.JUnitTestRunner.run(JUnitTestRunner.java:535)
	at org.apache.tools.ant.taskdefs.optional.junit.JUnitTestRunner.launch(JUnitTestRunner.java:1197)
	at org.apache.tools.ant.taskdefs.optional.junit.JUnitTestRunner.main(JUnitTestRunner.java:1042)
</failure>

      </testcase>

      <system-out><![CDATA[]]></system-out>

      <system-err><![CDATA[]]></system-err>

  </testsuite>
  <testsuite errors="0" failures="0" hostname="Mac.lan" id="9" name="NGramIteratorTest" package="matchle" skipped="0" tests="4" time="0.037" timestamp="2025-04-11T11:14:53">
      <properties>
[...]
</properties>

      <testcase classname="matchle.NGramIteratorTest" name="testEmptyNGramIterator" time="0.004" />

      <testcase classname="matchle.NGramIteratorTest" name="testIteratorExhausted" time="0.001" />

      <testcase classname="matchle.NGramIteratorTest" name="testRemoveNotSupported" time="0.0" />

      <testcase classname="matchle.NGramIteratorTest" name="testIterator" time="0.0" />

      <system-out><![CDATA[]]></system-out>

      <system-err><![CDATA[]]></system-err>

  </testsuite>
  <testsuite errors="0" failures="0" hostname="Mac.lan" id="10" name="NGramMatcherTest" package="matchle" skipped="0" tests="4" time="0.052" timestamp="2025-04-11T11:14:53">
      <properties>
[...]
</properties>

      <testcase classname="matchle.NGramMatcherTest" name="testComplexCriteria" time="0.01" />

      <testcase classname="matchle.NGramMatcherTest" name="testCorpusFiltering" time="0.009" />

      <testcase classname="matchle.NGramMatcherTest" name="testExactMatch" time="0.0" />

      <testcase classname="matchle.NGramMatcherTest" name="testSimpleCriteria" time="0.001" />

      <system-out><![CDATA[]]></system-out>

      <system-err><![CDATA[]]></system-err>

  </testsuite>
  <testsuite errors="0" failures="0" hostname="Mac.lan" id="11" name="NGramTest" package="matchle" skipped="0" tests="5" time="0.036" timestamp="2025-04-11T11:14:54">
      <properties>
[...]
</properties>

      <testcase classname="matchle.NGramTest" name="testFromStringCopy" time="0.003" />

      <testcase classname="matchle.NGramTest" name="testFromCharList" time="0.0" />

      <testcase classname="matchle.NGramTest" name="testEmptyString" time="0.0" />

      <testcase classname="matchle.NGramTest" name="testFromString" time="0.0" />

      <testcase classname="matchle.NGramTest" name="testNullInput" time="0.001" />

      <system-out><![CDATA[]]></system-out>

      <system-err><![CDATA[]]></system-err>

  </testsuite>
  <testsuite errors="0" failures="0" hostname="Mac.lan" id="12" name="NullCharacterExceptionTest" package="matchle" skipped="0" tests="8" time="0.04" timestamp="2025-04-11T11:14:54">
      <properties>
[...]
</properties>

      <testcase classname="matchle.NullCharacterExceptionTest" name="testConstructorAndGetIndex" time="0.003" />

      <testcase classname="matchle.NullCharacterExceptionTest" name="testExceptionCause" time="0.001" />

      <testcase classname="matchle.NullCharacterExceptionTest" name="testValidateValidList" time="0.0" />

      <testcase classname="matchle.NullCharacterExceptionTest" name="testNullAtFirstPosition" time="0.0" />

      <testcase classname="matchle.NullCharacterExceptionTest" name="testMultipleNullCharacters" time="0.0" />

      <testcase classname="matchle.NullCharacterExceptionTest" name="testValidateWithNullList" time="0.0" />

      <testcase classname="matchle.NullCharacterExceptionTest" name="testNullAtLastPosition" time="0.0" />

      <testcase classname="matchle.NullCharacterExceptionTest" name="testValidateWithNullCharacter" time="0.0" />

      <system-out><![CDATA[]]></system-out>

      <system-err><![CDATA[]]></system-err>

  </testsuite>
  <testsuite errors="0" failures="0" hostname="Mac.lan" id="13" name="CorpusExceptionTest" package="matchle.exception" skipped="0" tests="5" time="0.035" timestamp="2025-04-11T11:14:54">
      <properties>
[...]
</properties>

      <testcase classname="matchle.exception.CorpusExceptionTest" name="testConstructorWithMessageAndCause" time="0.001" />

      <testcase classname="matchle.exception.CorpusExceptionTest" name="testInconsistentWordSizeException" time="0.0" />

      <testcase classname="matchle.exception.CorpusExceptionTest" name="testExceptionHierarchy" time="0.001" />

      <testcase classname="matchle.exception.CorpusExceptionTest" name="testConstructorWithMessage" time="0.0" />

      <testcase classname="matchle.exception.CorpusExceptionTest" name="testEmptyCorpusException" time="0.0" />

      <system-out><![CDATA[]]></system-out>

      <system-err><![CDATA[]]></system-err>

  </testsuite>
  <testsuite errors="0" failures="0" hostname="Mac.lan" id="14" name="MatchleExceptionTest" package="matchle.exception" skipped="0" tests="3" time="0.036" timestamp="2025-04-11T11:14:54">
      <properties>
[...]
</properties>

      <testcase classname="matchle.exception.MatchleExceptionTest" name="testConstructorWithMessageAndCause" time="0.003" />

      <testcase classname="matchle.exception.MatchleExceptionTest" name="testExceptionHierarchy" time="0.0" />

      <testcase classname="matchle.exception.MatchleExceptionTest" name="testConstructorWithMessage" time="0.0" />

      <system-out><![CDATA[]]></system-out>

      <system-err><![CDATA[]]></system-err>

  </testsuite>
  <testsuite errors="0" failures="0" hostname="Mac.lan" id="15" name="MatchleUtilsTest" package="matchle.util" skipped="0" tests="6" time="0.036" timestamp="2025-04-11T11:14:55">
      <properties>
[...]
</properties>

      <testcase classname="matchle.util.MatchleUtilsTest" name="testHammingDistanceWithIdenticalStrings" time="0.003" />

      <testcase classname="matchle.util.MatchleUtilsTest" name="testHammingDistance" time="0.0" />

      <testcase classname="matchle.util.MatchleUtilsTest" name="testIntersectionSizeWithEmptyCollection" time="0.0" />

      <testcase classname="matchle.util.MatchleUtilsTest" name="testIntersectionSize" time="0.0" />

      <testcase classname="matchle.util.MatchleUtilsTest" name="testIntersectionSizeWithNoCommonElements" time="0.0" />

      <testcase classname="matchle.util.MatchleUtilsTest" name="testHammingDistanceWithDifferentLengths" time="0.001" />

      <system-out><![CDATA[]]></system-out>

      <system-err><![CDATA[]]></system-err>

  </testsuite>
  <testsuite errors="0" failures="0" hostname="Mac.lan" id="16" name="UIUtilsTest" package="matchle.util" skipped="0" tests="4" time="3.574" timestamp="2025-04-11T11:14:55">
      <properties>
[...]
</properties>

      <testcase classname="matchle.util.UIUtilsTest" name="testShowErrorMessage" time="1.69" />

      <testcase classname="matchle.util.UIUtilsTest" name="testShowWarningMessage" time="0.403" />

      <testcase classname="matchle.util.UIUtilsTest" name="testShowInfoMessage" time="0.338" />

      <testcase classname="matchle.util.UIUtilsTest" name="testShowMessagesWithNullParent" time="1.093" />

      <system-out><![CDATA[]]></system-out>

      <system-err><![CDATA[]]></system-err>

  </testsuite>
</testsuites>
