<?xml version="1.0" encoding="UTF-8" ?>
<testsuite errors="0" failures="0" hostname="Mac.lan" name="matchle.CorpusLoaderTest" skipped="0" tests="4" time="12.328" timestamp="2025-04-11T11:08:54">
  <properties>
[...]
</properties>
  <testcase classname="matchle.CorpusLoaderTest" name="testLoadEnglishWords" time="0.315" />
  <testcase classname="matchle.CorpusLoaderTest" name="testHardCaseExecution" time="3.94" />
  <testcase classname="matchle.CorpusLoaderTest" name="testMainMethodExecution" time="7.873" />
  <testcase classname="matchle.CorpusLoaderTest" name="testLoadEnglishWordsWithDifferentLength" time="0.16" />
  <system-out><![CDATA[Loaded corpus with 300 5-letter words.

=== Testing Hard Case ===
Loaded special corpus with 300 words.
Testing score functions for guess: where
Score for key abear and guess where = 1
Score for key abeam and guess where = 1
Score for key abets and guess where = 1
Score for key agade and guess where = 1
Score for key aetat and guess where = 1
Score for key agada and guess where = 118
Score for key abote and guess where = 1
Score for key abilo and guess where = 118
Score for key abyss and guess where = 118
Score for key aalii and guess where = 118
Score for key abysm and guess where = 118
Score for key ablow and guess where = 6
Score for key adnex and guess where = 1
Score for key agent and guess where = 1
Score for key abuzz and guess where = 118
Score for key abbot and guess where = 118
Score for key adieu and guess where = 1
Score for key adpao and guess where = 118
Score for key agave and guess where = 1
Score for key adiel and guess where = 1
Score for key adder and guess where = 1
Score for key agene and guess where = 4
Score for key agend and guess where = 1
Score for key agena and guess where = 1
Score for key abort and guess where = 14
Score for key adaty and guess where = 118
Score for key acana and guess where = 118
Score for key aaron and guess where = 25
Score for key added and guess where = 1
Score for key agnes and guess where = 1
Score for key aberr and guess where = 1
Score for key afire and guess where = 1
Score for key abaze and guess where = 1
Score for key abord and guess where = 14
Score for key agnel and guess where = 1
Score for key adolf and guess where = 118
Score for key adati and guess where = 118
Score for key acrid and guess where = 25
Score for key adust and guess where = 118
Score for key agiel and guess where = 1
Score for key acted and guess where = 1
Score for key aggie and guess where = 1
Score for key abrus and guess where = 25
Score for key abaft and guess where = 118
Score for key acmic and guess where = 118
Score for key admov and guess where = 118
Score for key adrop and guess where = 25
Score for key adusk and guess where = 118
Score for key afrit and guess where = 25
Score for key agaty and guess where = 118
Score for key adela and guess where = 1
Score for key after and guess where = 1
Score for key absit and guess where = 118
Score for key absis and guess where = 118
Score for key abray and guess where = 25
Score for key abaff and guess where = 118
Score for key addda and guess where = 118
Score for key aflat and guess where = 118
Score for key afric and guess where = 25
Score for key acedy and guess where = 1
Score for key adcon and guess where = 118
Score for key abram and guess where = 25
Score for key agate and guess where = 1
Score for key agata and guess where = 118
Score for key abwab and guess where = 6
Score for key aesir and guess where = 1
Score for key acale and guess where = 1
Score for key adure and guess where = 1
Score for key agast and guess where = 118
Score for key agasp and guess where = 118
Score for key acock and guess where = 118
Score for key adsum and guess where = 118
Score for key aboon and guess where = 118
Score for key agars and guess where = 14
Score for key adlet and guess where = 1
Score for key abada and guess where = 118
Score for key acini and guess where = 118
Score for key addax and guess where = 118
Score for key actus and guess where = 118
Score for key acing and guess where = 118
Score for key agnus and guess where = 118
Score for key aegle and guess where = 35
Score for key acryl and guess where = 25
Score for key acoup and guess where = 118
Score for key adits and guess where = 118
Score for key agley and guess where = 1
Score for key aback and guess where = 118
Score for key acres and guess where = 1
Score for key abaci and guess where = 118
Score for key aglet and guess where = 1
Score for key agnat and guess where = 118
Score for key adapt and guess where = 118
Score for key acmes and guess where = 1
Score for key agger and guess where = 1
Score for key abaca and guess where = 118
Score for key aches and guess where = 1
Score for key acher and guess where = 1
Score for key achen and guess where = 1
Score for key abave and guess where = 1
Score for key acred and guess where = 1
Score for key aglee and guess where = 35
Score for key aeons and guess where = 1
Score for key abend and guess where = 1
Score for key afoul and guess where = 118
Score for key accel and guess where = 1
Score for key adapa and guess where = 118
Score for key absey and guess where = 1
Score for key ached and guess where = 1
Score for key afret and guess where = 1
Score for key affix and guess where = 118
Score for key abnet and guess where = 1
Score for key abner and guess where = 1
Score for key abkar and guess where = 25
Score for key aceta and guess where = 1
Score for key abies and guess where = 1
Score for key afoam and guess where = 118
Score for key agape and guess where = 1
Score for key abuts and guess where = 118
Score for key aboma and guess where = 118
Score for key absee and guess where = 35
Score for key afear and guess where = 1
Score for key abaue and guess where = 1
Score for key acost and guess where = 118
Score for key agist and guess where = 118
Score for key adoze and guess where = 1
Score for key abbie and guess where = 1
Score for key agism and guess where = 118
Score for key abuta and guess where = 118
Score for key adunc and guess where = 118
Score for key aegis and guess where = 1
Score for key aegir and guess where = 1
Score for key aevia and guess where = 1
Score for key agoge and guess where = 1
Score for key aedes and guess where = 38
Score for key abate and guess where = 1
Score for key aflow and guess where = 6
Score for key abele and guess where = 4
Score for key abidi and guess where = 118
Score for key abush and guess where = 7
Score for key acorn and guess where = 14
Score for key admix and guess where = 118
Score for key abide and guess where = 1
Score for key adrip and guess where = 25
Score for key abuse and guess where = 1
Score for key admit and guess where = 118
Score for key abhor and guess where = 4
Score for key adlay and guess where = 118
Score for key admin and guess where = 118
Score for key adoxy and guess where = 118
Score for key adams and guess where = 118
Score for key acrux and guess where = 25
Score for key afgod and guess where = 118
Score for key abask and guess where = 118
Score for key acerb and guess where = 1
Score for key adeep and guess where = 14
Score for key abash and guess where = 7
Score for key adult and guess where = 118
Score for key adeem and guess where = 14
Score for key abase and guess where = 1
Score for key adlai and guess where = 118
Score for key aggur and guess where = 25
Score for key aeron and guess where = 1
Score for key agamy and guess where = 118
Score for key accus and guess where = 118
Score for key accur and guess where = 25
Score for key ackey and guess where = 1
Score for key adoxa and guess where = 118
Score for key afore and guess where = 1
Score for key abura and guess where = 14
Score for key accum and guess where = 118
Score for key acker and guess where = 1
Score for key aargh and guess where = 4
Score for key agami and guess where = 118
Score for key achar and guess where = 4
Score for key adown and guess where = 6
Score for key ackee and guess where = 35
Score for key acrab and guess where = 25
Score for key agama and guess where = 118
Score for key afray and guess where = 25
Score for key adios and guess where = 118
Score for key accts and guess where = 118
Score for key adion and guess where = 118
Score for key aboil and guess where = 118
Score for key ablet and guess where = 1
Score for key ables and guess where = 1
Score for key abler and guess where = 1
Score for key abbey and guess where = 1
Score for key abdat and guess where = 118
Score for key abstr and guess where = 25
Score for key abbes and guess where = 1
Score for key actos and guess where = 118
Score for key actor and guess where = 25
Score for key abled and guess where = 1
Score for key acton and guess where = 118
Score for key agios and guess where = 118
Score for key abdal and guess where = 118
Score for key acool and guess where = 118
Score for key abohm and guess where = 7
Score for key adobo and guess where = 118
Score for key aeger and guess where = 18
Score for key addnl and guess where = 118
Score for key adobe and guess where = 1
Score for key aggry and guess where = 14
Score for key afoot and guess where = 118
Score for key adret and guess where = 1
Score for key aahed and guess where = 1
Score for key aggro and guess where = 14
Score for key adfix and guess where = 118
Score for key aging and guess where = 118
Score for key acone and guess where = 1
Score for key admen and guess where = 1
Score for key accra and guess where = 14
Score for key adjag and guess where = 118
Score for key adyta and guess where = 118
Score for key aface and guess where = 1
Score for key adead and guess where = 1
Score for key abune and guess where = 1
Score for key acnes and guess where = 1
Score for key acuan and guess where = 118
Score for key abuna and guess where = 118
Score for key acies and guess where = 1
Score for key acier and guess where = 1
Score for key acoma and guess where = 118
Score for key again and guess where = 118
Score for key afifi and guess where = 118
Score for key acyls and guess where = 118
Score for key acned and guess where = 1
Score for key addle and guess where = 1
Score for key aband and guess where = 118
Score for key abyes and guess where = 1
Score for key acute and guess where = 1
Score for key abris and guess where = 25
Score for key abrin and guess where = 25
Score for key abrim and guess where = 25
Score for key acidy and guess where = 118
Score for key adagy and guess where = 118
Score for key agete and guess where = 4
Score for key acids and guess where = 118
Score for key acold and guess where = 118
Score for key agile and guess where = 1
Score for key abamp and guess where = 118
Score for key aevum and guess where = 1
Score for key acate and guess where = 1
Score for key aglow and guess where = 6
Score for key abbas and guess where = 118
Score for key aequi and guess where = 1
Score for key adorn and guess where = 14
Score for key acron and guess where = 25
Score for key accoy and guess where = 118
Score for key abama and guess where = 118
Score for key adage and guess where = 1
Score for key abody and guess where = 118
Score for key achor and guess where = 4
Score for key acast and guess where = 118
Score for key adore and guess where = 1
Score for key achoo and guess where = 7
Score for key acroa and guess where = 25
Score for key abmho and guess where = 7
Score for key aerie and guess where = 2
Score for key aeric and guess where = 1
Score for key afros and guess where = 25
Score for key abode and guess where = 1
Score for key adzes and guess where = 1
Score for key adzer and guess where = 1
Score for key aecia and guess where = 1
Score for key adays and guess where = 118
Score for key agers and guess where = 1
Score for key adrue and guess where = 1
Score for key abede and guess where = 4
Score for key agaze and guess where = 1
Score for key addis and guess where = 118
Score for key abdom and guess where = 118
Score for key addio and guess where = 118
Score for key adman and guess where = 118
Score for key acari and guess where = 14
Score for key aclys and guess where = 118
Score for key adrad and guess where = 25
Score for key adopt and guess where = 118
Score for key aesop and guess where = 1
Score for key acara and guess where = 14
Score for key addie and guess where = 1
Score for key afars and guess where = 14
Score for key adept and guess where = 1
Score for key adeps and guess where = 1
Score for key actin and guess where = 118
Score for key abaka and guess where = 118
Score for key above and guess where = 1
Score for key acoin and guess where = 118
Score for key agmas and guess where = 118
Score for key aghas and guess where = 7
Score for key aghan and guess where = 7
Score for key about and guess where = 118
Score for key afara and guess where = 14
Score for key afley and guess where = 1
Score for key abret and guess where = 1
Score for key adawn and guess where = 6
Score for key acapu and guess where = 118
Score for key adawe and guess where = 1
Score for key abime and guess where = 1
Score for key admrx and guess where = 14
Best worst-case guess: abada
Loaded corpus with 300 5-letter words.
Testing score functions for guess: abced
Score for key abear and guess abced = 16
Worst-case score for guess abced = 41
Average-case score for guess abced = 24.36
Best worst-case guess: abada
Best average-case guess: abada
Loaded corpus with 300 5-letter words.

=== Testing Hard Case ===
Loaded special corpus with 300 words.
Testing score functions for guess: where
Score for key abear and guess where = 1
Score for key abeam and guess where = 1
Score for key abets and guess where = 1
Score for key agade and guess where = 1
Score for key aetat and guess where = 1
Score for key agada and guess where = 118
Score for key abote and guess where = 1
Score for key abilo and guess where = 118
Score for key abyss and guess where = 118
Score for key aalii and guess where = 118
Score for key abysm and guess where = 118
Score for key ablow and guess where = 6
Score for key adnex and guess where = 1
Score for key agent and guess where = 1
Score for key abuzz and guess where = 118
Score for key abbot and guess where = 118
Score for key adieu and guess where = 1
Score for key adpao and guess where = 118
Score for key agave and guess where = 1
Score for key adiel and guess where = 1
Score for key adder and guess where = 1
Score for key agene and guess where = 4
Score for key agend and guess where = 1
Score for key agena and guess where = 1
Score for key abort and guess where = 14
Score for key adaty and guess where = 118
Score for key acana and guess where = 118
Score for key aaron and guess where = 25
Score for key added and guess where = 1
Score for key agnes and guess where = 1
Score for key aberr and guess where = 1
Score for key afire and guess where = 1
Score for key abaze and guess where = 1
Score for key abord and guess where = 14
Score for key agnel and guess where = 1
Score for key adolf and guess where = 118
Score for key adati and guess where = 118
Score for key acrid and guess where = 25
Score for key adust and guess where = 118
Score for key agiel and guess where = 1
Score for key acted and guess where = 1
Score for key aggie and guess where = 1
Score for key abrus and guess where = 25
Score for key abaft and guess where = 118
Score for key acmic and guess where = 118
Score for key admov and guess where = 118
Score for key adrop and guess where = 25
Score for key adusk and guess where = 118
Score for key afrit and guess where = 25
Score for key agaty and guess where = 118
Score for key adela and guess where = 1
Score for key after and guess where = 1
Score for key absit and guess where = 118
Score for key absis and guess where = 118
Score for key abray and guess where = 25
Score for key abaff and guess where = 118
Score for key addda and guess where = 118
Score for key aflat and guess where = 118
Score for key afric and guess where = 25
Score for key acedy and guess where = 1
Score for key adcon and guess where = 118
Score for key abram and guess where = 25
Score for key agate and guess where = 1
Score for key agata and guess where = 118
Score for key abwab and guess where = 6
Score for key aesir and guess where = 1
Score for key acale and guess where = 1
Score for key adure and guess where = 1
Score for key agast and guess where = 118
Score for key agasp and guess where = 118
Score for key acock and guess where = 118
Score for key adsum and guess where = 118
Score for key aboon and guess where = 118
Score for key agars and guess where = 14
Score for key adlet and guess where = 1
Score for key abada and guess where = 118
Score for key acini and guess where = 118
Score for key addax and guess where = 118
Score for key actus and guess where = 118
Score for key acing and guess where = 118
Score for key agnus and guess where = 118
Score for key aegle and guess where = 35
Score for key acryl and guess where = 25
Score for key acoup and guess where = 118
Score for key adits and guess where = 118
Score for key agley and guess where = 1
Score for key aback and guess where = 118
Score for key acres and guess where = 1
Score for key abaci and guess where = 118
Score for key aglet and guess where = 1
Score for key agnat and guess where = 118
Score for key adapt and guess where = 118
Score for key acmes and guess where = 1
Score for key agger and guess where = 1
Score for key abaca and guess where = 118
Score for key aches and guess where = 1
Score for key acher and guess where = 1
Score for key achen and guess where = 1
Score for key abave and guess where = 1
Score for key acred and guess where = 1
Score for key aglee and guess where = 35
Score for key aeons and guess where = 1
Score for key abend and guess where = 1
Score for key afoul and guess where = 118
Score for key accel and guess where = 1
Score for key adapa and guess where = 118
Score for key absey and guess where = 1
Score for key ached and guess where = 1
Score for key afret and guess where = 1
Score for key affix and guess where = 118
Score for key abnet and guess where = 1
Score for key abner and guess where = 1
Score for key abkar and guess where = 25
Score for key aceta and guess where = 1
Score for key abies and guess where = 1
Score for key afoam and guess where = 118
Score for key agape and guess where = 1
Score for key abuts and guess where = 118
Score for key aboma and guess where = 118
Score for key absee and guess where = 35
Score for key afear and guess where = 1
Score for key abaue and guess where = 1
Score for key acost and guess where = 118
Score for key agist and guess where = 118
Score for key adoze and guess where = 1
Score for key abbie and guess where = 1
Score for key agism and guess where = 118
Score for key abuta and guess where = 118
Score for key adunc and guess where = 118
Score for key aegis and guess where = 1
Score for key aegir and guess where = 1
Score for key aevia and guess where = 1
Score for key agoge and guess where = 1
Score for key aedes and guess where = 38
Score for key abate and guess where = 1
Score for key aflow and guess where = 6
Score for key abele and guess where = 4
Score for key abidi and guess where = 118
Score for key abush and guess where = 7
Score for key acorn and guess where = 14
Score for key admix and guess where = 118
Score for key abide and guess where = 1
Score for key adrip and guess where = 25
Score for key abuse and guess where = 1
Score for key admit and guess where = 118
Score for key abhor and guess where = 4
Score for key adlay and guess where = 118
Score for key admin and guess where = 118
Score for key adoxy and guess where = 118
Score for key adams and guess where = 118
Score for key acrux and guess where = 25
Score for key afgod and guess where = 118
Score for key abask and guess where = 118
Score for key acerb and guess where = 1
Score for key adeep and guess where = 14
Score for key abash and guess where = 7
Score for key adult and guess where = 118
Score for key adeem and guess where = 14
Score for key abase and guess where = 1
Score for key adlai and guess where = 118
Score for key aggur and guess where = 25
Score for key aeron and guess where = 1
Score for key agamy and guess where = 118
Score for key accus and guess where = 118
Score for key accur and guess where = 25
Score for key ackey and guess where = 1
Score for key adoxa and guess where = 118
Score for key afore and guess where = 1
Score for key abura and guess where = 14
Score for key accum and guess where = 118
Score for key acker and guess where = 1
Score for key aargh and guess where = 4
Score for key agami and guess where = 118
Score for key achar and guess where = 4
Score for key adown and guess where = 6
Score for key ackee and guess where = 35
Score for key acrab and guess where = 25
Score for key agama and guess where = 118
Score for key afray and guess where = 25
Score for key adios and guess where = 118
Score for key accts and guess where = 118
Score for key adion and guess where = 118
Score for key aboil and guess where = 118
Score for key ablet and guess where = 1
Score for key ables and guess where = 1
Score for key abler and guess where = 1
Score for key abbey and guess where = 1
Score for key abdat and guess where = 118
Score for key abstr and guess where = 25
Score for key abbes and guess where = 1
Score for key actos and guess where = 118
Score for key actor and guess where = 25
Score for key abled and guess where = 1
Score for key acton and guess where = 118
Score for key agios and guess where = 118
Score for key abdal and guess where = 118
Score for key acool and guess where = 118
Score for key abohm and guess where = 7
Score for key adobo and guess where = 118
Score for key aeger and guess where = 18
Score for key addnl and guess where = 118
Score for key adobe and guess where = 1
Score for key aggry and guess where = 14
Score for key afoot and guess where = 118
Score for key adret and guess where = 1
Score for key aahed and guess where = 1
Score for key aggro and guess where = 14
Score for key adfix and guess where = 118
Score for key aging and guess where = 118
Score for key acone and guess where = 1
Score for key admen and guess where = 1
Score for key accra and guess where = 14
Score for key adjag and guess where = 118
Score for key adyta and guess where = 118
Score for key aface and guess where = 1
Score for key adead and guess where = 1
Score for key abune and guess where = 1
Score for key acnes and guess where = 1
Score for key acuan and guess where = 118
Score for key abuna and guess where = 118
Score for key acies and guess where = 1
Score for key acier and guess where = 1
Score for key acoma and guess where = 118
Score for key again and guess where = 118
Score for key afifi and guess where = 118
Score for key acyls and guess where = 118
Score for key acned and guess where = 1
Score for key addle and guess where = 1
Score for key aband and guess where = 118
Score for key abyes and guess where = 1
Score for key acute and guess where = 1
Score for key abris and guess where = 25
Score for key abrin and guess where = 25
Score for key abrim and guess where = 25
Score for key acidy and guess where = 118
Score for key adagy and guess where = 118
Score for key agete and guess where = 4
Score for key acids and guess where = 118
Score for key acold and guess where = 118
Score for key agile and guess where = 1
Score for key abamp and guess where = 118
Score for key aevum and guess where = 1
Score for key acate and guess where = 1
Score for key aglow and guess where = 6
Score for key abbas and guess where = 118
Score for key aequi and guess where = 1
Score for key adorn and guess where = 14
Score for key acron and guess where = 25
Score for key accoy and guess where = 118
Score for key abama and guess where = 118
Score for key adage and guess where = 1
Score for key abody and guess where = 118
Score for key achor and guess where = 4
Score for key acast and guess where = 118
Score for key adore and guess where = 1
Score for key achoo and guess where = 7
Score for key acroa and guess where = 25
Score for key abmho and guess where = 7
Score for key aerie and guess where = 2
Score for key aeric and guess where = 1
Score for key afros and guess where = 25
Score for key abode and guess where = 1
Score for key adzes and guess where = 1
Score for key adzer and guess where = 1
Score for key aecia and guess where = 1
Score for key adays and guess where = 118
Score for key agers and guess where = 1
Score for key adrue and guess where = 1
Score for key abede and guess where = 4
Score for key agaze and guess where = 1
Score for key addis and guess where = 118
Score for key abdom and guess where = 118
Score for key addio and guess where = 118
Score for key adman and guess where = 118
Score for key acari and guess where = 14
Score for key aclys and guess where = 118
Score for key adrad and guess where = 25
Score for key adopt and guess where = 118
Score for key aesop and guess where = 1
Score for key acara and guess where = 14
Score for key addie and guess where = 1
Score for key afars and guess where = 14
Score for key adept and guess where = 1
Score for key adeps and guess where = 1
Score for key actin and guess where = 118
Score for key abaka and guess where = 118
Score for key above and guess where = 1
Score for key acoin and guess where = 118
Score for key agmas and guess where = 118
Score for key aghas and guess where = 7
Score for key aghan and guess where = 7
Score for key about and guess where = 118
Score for key afara and guess where = 14
Score for key afley and guess where = 1
Score for key abret and guess where = 1
Score for key adawn and guess where = 6
Score for key acapu and guess where = 118
Score for key adawe and guess where = 1
Score for key abime and guess where = 1
Score for key admrx and guess where = 14
Best worst-case guess: abada
]]></system-out>
  <system-err><![CDATA[]]></system-err>
</testsuite>
